[INFO] Scanning for projects...
[INFO] 
[INFO] --------------< ${project.groupId}:scala-library-dependency-missing >--------------
[INFO] Building scala-library-dependency-missing ${project.version}
[INFO] --------------------------------[ jar ]---------------------------------
[INFO] 
[INFO] --- ${project.artifactId}:${project.version}:compile (default) @ scala-library-dependency-missing ---
[INFO] ------------------------------------------------------------------------
[INFO] BUILD FAILURE
[INFO] ------------------------------------------------------------------------
[INFO] Total time:  0.503 s
[INFO] Finished at: 2021-01-06T00:33:13+01:00
[INFO] ------------------------------------------------------------------------
[ERROR] Failed to execute goal ${project.groupId}:${project.artifactId}:${project.version}:compile (default) on project scala-library-dependency-missing: “org.scala-lang:scala-library” is missing from project dependencies -> [Help 1]
[ERROR] 
[ERROR] To see the full stack trace of the errors, re-run Maven with the -e switch.
[ERROR] Re-run Maven using the -X switch to enable full debug logging.
[ERROR] 
[ERROR] For more information about the errors and possible solutions, please read the following articles:
[ERROR] [Help 1] http://cwiki.apache.org/confluence/display/MAVEN/MojoExecutionException
